2016/10/05 12:17:19 [error] [exception.CException] exception 'CException' with message 'CAssetManager.basePath "/var/www/html/blog/assets" is invalid. Please make sure the directory exists and is writable by the Web server process.' in /var/www/html/framework/web/CAssetManager.php:138
Stack trace:
#0 /var/www/html/framework/web/CAssetManager.php(123): CAssetManager->setBasePath('/var/www/html/b...')
#1 /var/www/html/framework/web/CAssetManager.php(217): CAssetManager->getBasePath()
#2 /var/www/html/framework/web/CClientScript.php(511): CAssetManager->publish('/var/www/html/f...')
#3 /var/www/html/framework/web/CClientScript.php(548): CClientScript->getCoreScriptUrl()
#4 /var/www/html/framework/web/CClientScript.php(349): CClientScript->getPackageBaseUrl('jquery')
#5 /var/www/html/framework/web/CClientScript.php(208): CClientScript->renderCoreScripts()
#6 /var/www/html/framework/web/CController.php(351): CClientScript->render('<!DOCTYPE html>...')
#7 /var/www/html/framework/web/CController.php(788): CController->processOutput('<!DOCTYPE html>...')
#8 /var/www/html/blog/protected/controllers/SiteController.php(72): CController->render('contact', Array)
#9 /var/www/html/framework/web/actions/CInlineAction.php(49): SiteController->actionContact()
#10 /var/www/html/framework/web/CController.php(308): CInlineAction->runWithParams(Array)
#11 /var/www/html/framework/web/CController.php(286): CController->runAction(Object(CInlineAction))
#12 /var/www/html/framework/web/CController.php(265): CController->runActionWithFilters(Object(CInlineAction), Array)
#13 /var/www/html/framework/web/CWebApplication.php(282): CController->run('contact')
#14 /var/www/html/framework/web/CWebApplication.php(141): CWebApplication->runController('site/contact')
#15 /var/www/html/framework/base/CApplication.php(185): CWebApplication->processRequest()
#16 /var/www/html/blog/index.php(13): CApplication->run()
#17 {main}
REQUEST_URI=/blog/index.php?r=site/contact
HTTP_REFERER=http://localhost/blog/index.php?r=site/page&view=about
---
